mupyojung/app/build/outputs/logs/manifest-merger-debug-report.txt
-- Merging decision tree log ---
manifest
ADDED from AndroidManifest.xml:1:1
	package
		ADDED from AndroidManifest.xml:2:5
		INJECTED from AndroidManifest.xml:0:0
		INJECTED from AndroidManifest.xml:0:0
	android:versionName
		INJECTED from AndroidManifest.xml:0:0
		INJECTED from AndroidManifest.xml:0:0
	xmlns:android
		ADDED from AndroidManifest.xml:1:11
	android:versionCode
		INJECTED from AndroidManifest.xml:0:0
		INJECTED from AndroidManifest.xml:0:0
uses-permission#android.permission.INTERNET
ADDED from AndroidManifest.xml:4:2
	android:name
		ADDED from AndroidManifest.xml:4:19
application
ADDED from AndroidManifest.xml:8:2
MERGED from com.android.support:appcompat-v7:22.2.0:22:5
MERGED from com.android.support:support-v4:22.2.0:22:5
	android:label
		ADDED from AndroidManifest.xml:9:6
	android:allowBackup
		ADDED from AndroidManifest.xml:8:15
	android:icon
		ADDED from AndroidManifest.xml:10:6
	android:theme
		ADDED from AndroidManifest.xml:11:6
activity#com.gtyga.mupyojung.MainActivity
ADDED from AndroidManifest.xml:12:3
	android:screenOrientation
		ADDED from AndroidManifest.xml:17:4
	android:label
		ADDED from AndroidManifest.xml:15:4
	android:launchMode
		ADDED from AndroidManifest.xml:16:4
	android:windowSoftInputMode
		ADDED from AndroidManifest.xml:18:4
	android:configChanges
		ADDED from AndroidManifest.xml:14:4
	android:name
		ADDED from AndroidManifest.xml:13:4
intent-filter#android.intent.action.MAIN+android.intent.category.LAUNCHER
ADDED from AndroidManifest.xml:19:4
action#android.intent.action.MAIN
ADDED from AndroidManifest.xml:20:5
	android:name
		ADDED from AndroidManifest.xml:20:13
category#android.intent.category.LAUNCHER
ADDED from AndroidManifest.xml:22:5
	android:name
		ADDED from AndroidManifest.xml:22:15
activity#com.gtyga.mupyojung.LaunchActivity
ADDED from AndroidManifest.xml:26:3
	android:screenOrientation
		ADDED from AndroidManifest.xml:29:4
	android:configChanges
		ADDED from AndroidManifest.xml:28:4
	android:theme
		ADDED from AndroidManifest.xml:30:4
	android:name
		ADDED from AndroidManifest.xml:27:4
uses-sdk
INJECTED from AndroidManifest.xml:0:0 reason: use-sdk injection requested
MERGED from com.android.support:appcompat-v7:22.2.0:20:5
MERGED from com.android.support:support-v4:22.2.0:20:5
	android:targetSdkVersion
		INJECTED from AndroidManifest.xml:0:0
		INJECTED from AndroidManifest.xml:0:0
	android:minSdkVersion
		INJECTED from AndroidManifest.xml:0:0
		INJECTED from AndroidManifest.xml:0:0